<?xml version="1.0" encoding="UTF-8"?>
<testng-results ignored="0" total="1" passed="0" failed="0" skipped="1">
  <reporter-output>
    <line>
      <![CDATA[database connection eshtablished]]>
    </line>
    <line>
      <![CDATA[launching the edge browser]]>
    </line>
  </reporter-output>
  <suite started-at="2023-11-10T21:37:07 IST" name="Default suite" finished-at="2023-11-10T21:37:09 IST" duration-ms="2765">
    <groups>
    </groups>
    <test started-at="2023-11-10T21:37:07 IST" name="Default test" finished-at="2023-11-10T21:37:09 IST" duration-ms="2765">
      <class name="miniproject">
        <test-method is-config="true" signature="m1()[pri:0, instance:miniproject@6bd61f98]" started-at="2023-11-10T21:37:07 IST" name="m1" finished-at="2023-11-10T21:37:07 IST" duration-ms="11" status="PASS">
          <reporter-output>
            <line>
              <![CDATA[database connection eshtablished]]>
            </line>
          </reporter-output>
        </test-method> <!-- m1 -->
        <test-method is-config="true" signature="m2()[pri:0, instance:miniproject@6bd61f98]" started-at="2023-11-10T21:37:07 IST" name="m2" finished-at="2023-11-10T21:37:07 IST" duration-ms="0" status="PASS">
          <reporter-output>
            <line>
              <![CDATA[launching the edge browser]]>
            </line>
          </reporter-output>
        </test-method> <!-- m2 -->
        <test-method is-config="true" signature="m3()[pri:0, instance:miniproject@6bd61f98]" started-at="2023-11-10T21:37:07 IST" name="m3" finished-at="2023-11-10T21:37:09 IST" duration-ms="2724" status="FAIL">
          <exception class="org.openqa.selenium.SessionNotCreatedException">
            <message>
              <![CDATA[session not created: This version of Microsoft Edge WebDriver only supports Microsoft Edge version 117
Current browser version is 119.0.2151.58 with binary path C:\Program Files (x86)\Microsoft\Edge\Application\msedge.exe
Build info: version: '3.141.59', revision: 'e82be7d358', time: '2018-11-14T08:25:48'
System info: host: 'DESKTOP-4IBND0M', ip: '192.168.186.238', os.name: 'Windows 11', os.arch: 'amd64', os.version: '10.0', java.version: '17.0.7'
Driver info: driver.version: EdgeDriver
remote stacktrace: GetHandleVerifier [0x009B4C33+228515]
Microsoft::Applications::Events::time_ticks_t::time_ticks_t [0x008971C1+403713]
Microsoft::Applications::Events::ILogConfiguration::operator* [0x006A5BD2+3890]
Microsoft::Applications::Events::GUID_t::GUID_t [0x006CCEB7+64775]
Microsoft::Applications::Events::GUID_t::GUID_t [0x006CC529+62329]
Microsoft::Applications::Events::GUID_t::GUID_t [0x006C95C2+50194]
Microsoft::Applications::Events::GUID_t::GUID_t [0x006C5A78+35016]
Microsoft::Applications::Events::GUID_t::GUID_t [0x006F2368+217528]
Microsoft::Applications::Events::GUID_t::GUID_t [0x006F1BDA+215594]
Microsoft::Applications::Events::GUID_t::GUID_t [0x006EB7B6+189958]
Microsoft::Applications::Events::GUID_t::GUID_t [0x006CF57B+74699]
Microsoft::Applications::Events::GUID_t::GUID_t [0x006CED2B+72571]
Microsoft::Applications::Events::GUID_t::GUID_t [0x006CFC7D+76493]
GetHandleVerifier [0x00A781A2+1028626]
Microsoft::Applications::Events::FromJSON [0x00B47084+129732]
Microsoft::Applications::Events::FromJSON [0x00B46A15+128085]
Microsoft::Applications::Events::FromJSON [0x00B3CECA+88330]
Microsoft::Applications::Events::FromJSON [0x00B47A89+132297]
Microsoft::Applications::Events::time_ticks_t::time_ticks_t [0x008AB2A3+485859]
Microsoft::Applications::Events::time_ticks_t::time_ticks_t [0x008A0AF8+442936]
Microsoft::Applications::Events::time_ticks_t::time_ticks_t [0x008A0C61+443297]
Microsoft::Applications::Events::time_ticks_t::time_ticks_t [0x00889D74+349364]
BaseThreadInitThunk [0x75E57D59+25]
RtlInitializeExceptionChain [0x7735B79B+107]
RtlClearBits [0x7735B71F+191]
]]>
            </message>
            <full-stacktrace>
              <![CDATA[org.openqa.selenium.SessionNotCreatedException: session not created: This version of Microsoft Edge WebDriver only supports Microsoft Edge version 117
Current browser version is 119.0.2151.58 with binary path C:\Program Files (x86)\Microsoft\Edge\Application\msedge.exe
Build info: version: '3.141.59', revision: 'e82be7d358', time: '2018-11-14T08:25:48'
System info: host: 'DESKTOP-4IBND0M', ip: '192.168.186.238', os.name: 'Windows 11', os.arch: 'amd64', os.version: '10.0', java.version: '17.0.7'
Driver info: driver.version: EdgeDriver
remote stacktrace: GetHandleVerifier [0x009B4C33+228515]
Microsoft::Applications::Events::time_ticks_t::time_ticks_t [0x008971C1+403713]
Microsoft::Applications::Events::ILogConfiguration::operator* [0x006A5BD2+3890]
Microsoft::Applications::Events::GUID_t::GUID_t [0x006CCEB7+64775]
Microsoft::Applications::Events::GUID_t::GUID_t [0x006CC529+62329]
Microsoft::Applications::Events::GUID_t::GUID_t [0x006C95C2+50194]
Microsoft::Applications::Events::GUID_t::GUID_t [0x006C5A78+35016]
Microsoft::Applications::Events::GUID_t::GUID_t [0x006F2368+217528]
Microsoft::Applications::Events::GUID_t::GUID_t [0x006F1BDA+215594]
Microsoft::Applications::Events::GUID_t::GUID_t [0x006EB7B6+189958]
Microsoft::Applications::Events::GUID_t::GUID_t [0x006CF57B+74699]
Microsoft::Applications::Events::GUID_t::GUID_t [0x006CED2B+72571]
Microsoft::Applications::Events::GUID_t::GUID_t [0x006CFC7D+76493]
GetHandleVerifier [0x00A781A2+1028626]
Microsoft::Applications::Events::FromJSON [0x00B47084+129732]
Microsoft::Applications::Events::FromJSON [0x00B46A15+128085]
Microsoft::Applications::Events::FromJSON [0x00B3CECA+88330]
Microsoft::Applications::Events::FromJSON [0x00B47A89+132297]
Microsoft::Applications::Events::time_ticks_t::time_ticks_t [0x008AB2A3+485859]
Microsoft::Applications::Events::time_ticks_t::time_ticks_t [0x008A0AF8+442936]
Microsoft::Applications::Events::time_ticks_t::time_ticks_t [0x008A0C61+443297]
Microsoft::Applications::Events::time_ticks_t::time_ticks_t [0x00889D74+349364]
BaseThreadInitThunk [0x75E57D59+25]
RtlInitializeExceptionChain [0x7735B79B+107]
RtlClearBits [0x7735B71F+191]

at java.base/jdk.internal.reflect.NativeConstructorAccessorImpl.newInstance0(Native Method)
at java.base/jdk.internal.reflect.NativeConstructorAccessorImpl.newInstance(NativeConstructorAccessorImpl.java:77)
at java.base/jdk.internal.reflect.DelegatingConstructorAccessorImpl.newInstance(DelegatingConstructorAccessorImpl.java:45)
at java.base/java.lang.reflect.Constructor.newInstanceWithCaller(Constructor.java:499)
at java.base/java.lang.reflect.Constructor.newInstance(Constructor.java:480)
at org.openqa.selenium.remote.W3CHandshakeResponse.lambda$errorHandler$0(W3CHandshakeResponse.java:62)
at org.openqa.selenium.remote.HandshakeResponse.lambda$getResponseFunction$0(HandshakeResponse.java:30)
at org.openqa.selenium.remote.ProtocolHandshake.lambda$createSession$0(ProtocolHandshake.java:126)
at java.base/java.util.stream.ReferencePipeline$3$1.accept(ReferencePipeline.java:197)
at java.base/java.util.Spliterators$ArraySpliterator.tryAdvance(Spliterators.java:1002)
at java.base/java.util.stream.ReferencePipeline.forEachWithCancel(ReferencePipeline.java:129)
at java.base/java.util.stream.AbstractPipeline.copyIntoWithCancel(AbstractPipeline.java:527)
at java.base/java.util.stream.AbstractPipeline.copyInto(AbstractPipeline.java:513)
at java.base/java.util.stream.AbstractPipeline.wrapAndCopyInto(AbstractPipeline.java:499)
at java.base/java.util.stream.FindOps$FindOp.evaluateSequential(FindOps.java:150)
at java.base/java.util.stream.AbstractPipeline.evaluate(AbstractPipeline.java:234)
at java.base/java.util.stream.ReferencePipeline.findFirst(ReferencePipeline.java:647)
at org.openqa.selenium.remote.ProtocolHandshake.createSession(ProtocolHandshake.java:128)
at org.openqa.selenium.remote.ProtocolHandshake.createSession(ProtocolHandshake.java:74)
at org.openqa.selenium.remote.HttpCommandExecutor.execute(HttpCommandExecutor.java:136)
at org.openqa.selenium.remote.service.DriverCommandExecutor.execute(DriverCommandExecutor.java:83)
at org.openqa.selenium.remote.RemoteWebDriver.execute(RemoteWebDriver.java:552)
at org.openqa.selenium.remote.RemoteWebDriver.startSession(RemoteWebDriver.java:213)
at org.openqa.selenium.remote.RemoteWebDriver.<init>(RemoteWebDriver.java:131)
at org.openqa.selenium.edge.EdgeDriver.<init>(EdgeDriver.java:141)
at org.openqa.selenium.edge.EdgeDriver.<init>(EdgeDriver.java:96)
at miniproject.m3(miniproject.java:40)
at java.base/jdk.internal.reflect.NativeMethodAccessorImpl.invoke0(Native Method)
at java.base/jdk.internal.reflect.NativeMethodAccessorImpl.invoke(NativeMethodAccessorImpl.java:77)
at java.base/jdk.internal.reflect.DelegatingMethodAccessorImpl.invoke(DelegatingMethodAccessorImpl.java:43)
at java.base/java.lang.reflect.Method.invoke(Method.java:568)
at org.testng.internal.invokers.MethodInvocationHelper.invokeMethod(MethodInvocationHelper.java:139)
at org.testng.internal.invokers.MethodInvocationHelper.invokeMethodConsideringTimeout(MethodInvocationHelper.java:69)
at org.testng.internal.invokers.ConfigInvoker.invokeConfigurationMethod(ConfigInvoker.java:390)
at org.testng.internal.invokers.ConfigInvoker.invokeConfigurations(ConfigInvoker.java:325)
at org.testng.internal.invokers.TestInvoker.runConfigMethods(TestInvoker.java:810)
at org.testng.internal.invokers.TestInvoker.invokeMethod(TestInvoker.java:577)
at org.testng.internal.invokers.TestInvoker.invokeTestMethod(TestInvoker.java:227)
at org.testng.internal.invokers.MethodRunner.runInSequence(MethodRunner.java:50)
at org.testng.internal.invokers.TestInvoker$MethodInvocationAgent.invoke(TestInvoker.java:957)
at org.testng.internal.invokers.TestInvoker.invokeTestMethods(TestInvoker.java:200)
at org.testng.internal.invokers.TestMethodWorker.invokeTestMethods(TestMethodWorker.java:148)
at org.testng.internal.invokers.TestMethodWorker.run(TestMethodWorker.java:128)
at java.base/java.util.ArrayList.forEach(ArrayList.java:1511)
at org.testng.TestRunner.privateRun(TestRunner.java:848)
at org.testng.TestRunner.run(TestRunner.java:621)
at org.testng.SuiteRunner.runTest(SuiteRunner.java:443)
at org.testng.SuiteRunner.runSequentially(SuiteRunner.java:437)
at org.testng.SuiteRunner.privateRun(SuiteRunner.java:397)
at org.testng.SuiteRunner.run(SuiteRunner.java:336)
at org.testng.SuiteRunnerWorker.runSuite(SuiteRunnerWorker.java:52)
at org.testng.SuiteRunnerWorker.run(SuiteRunnerWorker.java:95)
at org.testng.TestNG.runSuitesSequentially(TestNG.java:1280)
at org.testng.TestNG.runSuitesLocally(TestNG.java:1200)
at org.testng.TestNG.runSuites(TestNG.java:1114)
at org.testng.TestNG.run(TestNG.java:1082)
at org.testng.remote.AbstractRemoteTestNG.run(AbstractRemoteTestNG.java:115)
at org.testng.remote.RemoteTestNG.initAndRun(RemoteTestNG.java:251)
at org.testng.remote.RemoteTestNG.main(RemoteTestNG.java:77)
]]>
            </full-stacktrace>
          </exception> <!-- org.openqa.selenium.SessionNotCreatedException -->
          <reporter-output>
          </reporter-output>
        </test-method> <!-- m3 -->
        <test-method signature="m4()[pri:0, instance:miniproject@6bd61f98]" started-at="2023-11-10T21:37:09 IST" name="m4" finished-at="2023-11-10T21:37:09 IST" duration-ms="0" status="SKIP">
          <exception class="org.openqa.selenium.SessionNotCreatedException">
            <message>
              <![CDATA[session not created: This version of Microsoft Edge WebDriver only supports Microsoft Edge version 117
Current browser version is 119.0.2151.58 with binary path C:\Program Files (x86)\Microsoft\Edge\Application\msedge.exe
Build info: version: '3.141.59', revision: 'e82be7d358', time: '2018-11-14T08:25:48'
System info: host: 'DESKTOP-4IBND0M', ip: '192.168.186.238', os.name: 'Windows 11', os.arch: 'amd64', os.version: '10.0', java.version: '17.0.7'
Driver info: driver.version: EdgeDriver
remote stacktrace: GetHandleVerifier [0x009B4C33+228515]
Microsoft::Applications::Events::time_ticks_t::time_ticks_t [0x008971C1+403713]
Microsoft::Applications::Events::ILogConfiguration::operator* [0x006A5BD2+3890]
Microsoft::Applications::Events::GUID_t::GUID_t [0x006CCEB7+64775]
Microsoft::Applications::Events::GUID_t::GUID_t [0x006CC529+62329]
Microsoft::Applications::Events::GUID_t::GUID_t [0x006C95C2+50194]
Microsoft::Applications::Events::GUID_t::GUID_t [0x006C5A78+35016]
Microsoft::Applications::Events::GUID_t::GUID_t [0x006F2368+217528]
Microsoft::Applications::Events::GUID_t::GUID_t [0x006F1BDA+215594]
Microsoft::Applications::Events::GUID_t::GUID_t [0x006EB7B6+189958]
Microsoft::Applications::Events::GUID_t::GUID_t [0x006CF57B+74699]
Microsoft::Applications::Events::GUID_t::GUID_t [0x006CED2B+72571]
Microsoft::Applications::Events::GUID_t::GUID_t [0x006CFC7D+76493]
GetHandleVerifier [0x00A781A2+1028626]
Microsoft::Applications::Events::FromJSON [0x00B47084+129732]
Microsoft::Applications::Events::FromJSON [0x00B46A15+128085]
Microsoft::Applications::Events::FromJSON [0x00B3CECA+88330]
Microsoft::Applications::Events::FromJSON [0x00B47A89+132297]
Microsoft::Applications::Events::time_ticks_t::time_ticks_t [0x008AB2A3+485859]
Microsoft::Applications::Events::time_ticks_t::time_ticks_t [0x008A0AF8+442936]
Microsoft::Applications::Events::time_ticks_t::time_ticks_t [0x008A0C61+443297]
Microsoft::Applications::Events::time_ticks_t::time_ticks_t [0x00889D74+349364]
BaseThreadInitThunk [0x75E57D59+25]
RtlInitializeExceptionChain [0x7735B79B+107]
RtlClearBits [0x7735B71F+191]
]]>
            </message>
            <full-stacktrace>
              <![CDATA[org.openqa.selenium.SessionNotCreatedException: session not created: This version of Microsoft Edge WebDriver only supports Microsoft Edge version 117
Current browser version is 119.0.2151.58 with binary path C:\Program Files (x86)\Microsoft\Edge\Application\msedge.exe
Build info: version: '3.141.59', revision: 'e82be7d358', time: '2018-11-14T08:25:48'
System info: host: 'DESKTOP-4IBND0M', ip: '192.168.186.238', os.name: 'Windows 11', os.arch: 'amd64', os.version: '10.0', java.version: '17.0.7'
Driver info: driver.version: EdgeDriver
remote stacktrace: GetHandleVerifier [0x009B4C33+228515]
Microsoft::Applications::Events::time_ticks_t::time_ticks_t [0x008971C1+403713]
Microsoft::Applications::Events::ILogConfiguration::operator* [0x006A5BD2+3890]
Microsoft::Applications::Events::GUID_t::GUID_t [0x006CCEB7+64775]
Microsoft::Applications::Events::GUID_t::GUID_t [0x006CC529+62329]
Microsoft::Applications::Events::GUID_t::GUID_t [0x006C95C2+50194]
Microsoft::Applications::Events::GUID_t::GUID_t [0x006C5A78+35016]
Microsoft::Applications::Events::GUID_t::GUID_t [0x006F2368+217528]
Microsoft::Applications::Events::GUID_t::GUID_t [0x006F1BDA+215594]
Microsoft::Applications::Events::GUID_t::GUID_t [0x006EB7B6+189958]
Microsoft::Applications::Events::GUID_t::GUID_t [0x006CF57B+74699]
Microsoft::Applications::Events::GUID_t::GUID_t [0x006CED2B+72571]
Microsoft::Applications::Events::GUID_t::GUID_t [0x006CFC7D+76493]
GetHandleVerifier [0x00A781A2+1028626]
Microsoft::Applications::Events::FromJSON [0x00B47084+129732]
Microsoft::Applications::Events::FromJSON [0x00B46A15+128085]
Microsoft::Applications::Events::FromJSON [0x00B3CECA+88330]
Microsoft::Applications::Events::FromJSON [0x00B47A89+132297]
Microsoft::Applications::Events::time_ticks_t::time_ticks_t [0x008AB2A3+485859]
Microsoft::Applications::Events::time_ticks_t::time_ticks_t [0x008A0AF8+442936]
Microsoft::Applications::Events::time_ticks_t::time_ticks_t [0x008A0C61+443297]
Microsoft::Applications::Events::time_ticks_t::time_ticks_t [0x00889D74+349364]
BaseThreadInitThunk [0x75E57D59+25]
RtlInitializeExceptionChain [0x7735B79B+107]
RtlClearBits [0x7735B71F+191]

at java.base/jdk.internal.reflect.NativeConstructorAccessorImpl.newInstance0(Native Method)
at java.base/jdk.internal.reflect.NativeConstructorAccessorImpl.newInstance(NativeConstructorAccessorImpl.java:77)
at java.base/jdk.internal.reflect.DelegatingConstructorAccessorImpl.newInstance(DelegatingConstructorAccessorImpl.java:45)
at java.base/java.lang.reflect.Constructor.newInstanceWithCaller(Constructor.java:499)
at java.base/java.lang.reflect.Constructor.newInstance(Constructor.java:480)
at org.openqa.selenium.remote.W3CHandshakeResponse.lambda$errorHandler$0(W3CHandshakeResponse.java:62)
at org.openqa.selenium.remote.HandshakeResponse.lambda$getResponseFunction$0(HandshakeResponse.java:30)
at org.openqa.selenium.remote.ProtocolHandshake.lambda$createSession$0(ProtocolHandshake.java:126)
at java.base/java.util.stream.ReferencePipeline$3$1.accept(ReferencePipeline.java:197)
at java.base/java.util.Spliterators$ArraySpliterator.tryAdvance(Spliterators.java:1002)
at java.base/java.util.stream.ReferencePipeline.forEachWithCancel(ReferencePipeline.java:129)
at java.base/java.util.stream.AbstractPipeline.copyIntoWithCancel(AbstractPipeline.java:527)
at java.base/java.util.stream.AbstractPipeline.copyInto(AbstractPipeline.java:513)
at java.base/java.util.stream.AbstractPipeline.wrapAndCopyInto(AbstractPipeline.java:499)
at java.base/java.util.stream.FindOps$FindOp.evaluateSequential(FindOps.java:150)
at java.base/java.util.stream.AbstractPipeline.evaluate(AbstractPipeline.java:234)
at java.base/java.util.stream.ReferencePipeline.findFirst(ReferencePipeline.java:647)
at org.openqa.selenium.remote.ProtocolHandshake.createSession(ProtocolHandshake.java:128)
at org.openqa.selenium.remote.ProtocolHandshake.createSession(ProtocolHandshake.java:74)
at org.openqa.selenium.remote.HttpCommandExecutor.execute(HttpCommandExecutor.java:136)
at org.openqa.selenium.remote.service.DriverCommandExecutor.execute(DriverCommandExecutor.java:83)
at org.openqa.selenium.remote.RemoteWebDriver.execute(RemoteWebDriver.java:552)
at org.openqa.selenium.remote.RemoteWebDriver.startSession(RemoteWebDriver.java:213)
at org.openqa.selenium.remote.RemoteWebDriver.<init>(RemoteWebDriver.java:131)
at org.openqa.selenium.edge.EdgeDriver.<init>(EdgeDriver.java:141)
at org.openqa.selenium.edge.EdgeDriver.<init>(EdgeDriver.java:96)
at miniproject.m3(miniproject.java:40)
at java.base/jdk.internal.reflect.NativeMethodAccessorImpl.invoke0(Native Method)
at java.base/jdk.internal.reflect.NativeMethodAccessorImpl.invoke(NativeMethodAccessorImpl.java:77)
at java.base/jdk.internal.reflect.DelegatingMethodAccessorImpl.invoke(DelegatingMethodAccessorImpl.java:43)
at java.base/java.lang.reflect.Method.invoke(Method.java:568)
at org.testng.internal.invokers.MethodInvocationHelper.invokeMethod(MethodInvocationHelper.java:139)
at org.testng.internal.invokers.MethodInvocationHelper.invokeMethodConsideringTimeout(MethodInvocationHelper.java:69)
at org.testng.internal.invokers.ConfigInvoker.invokeConfigurationMethod(ConfigInvoker.java:390)
at org.testng.internal.invokers.ConfigInvoker.invokeConfigurations(ConfigInvoker.java:325)
at org.testng.internal.invokers.TestInvoker.runConfigMethods(TestInvoker.java:810)
at org.testng.internal.invokers.TestInvoker.invokeMethod(TestInvoker.java:577)
at org.testng.internal.invokers.TestInvoker.invokeTestMethod(TestInvoker.java:227)
at org.testng.internal.invokers.MethodRunner.runInSequence(MethodRunner.java:50)
at org.testng.internal.invokers.TestInvoker$MethodInvocationAgent.invoke(TestInvoker.java:957)
at org.testng.internal.invokers.TestInvoker.invokeTestMethods(TestInvoker.java:200)
at org.testng.internal.invokers.TestMethodWorker.invokeTestMethods(TestMethodWorker.java:148)
at org.testng.internal.invokers.TestMethodWorker.run(TestMethodWorker.java:128)
at java.base/java.util.ArrayList.forEach(ArrayList.java:1511)
at org.testng.TestRunner.privateRun(TestRunner.java:848)
at org.testng.TestRunner.run(TestRunner.java:621)
at org.testng.SuiteRunner.runTest(SuiteRunner.java:443)
at org.testng.SuiteRunner.runSequentially(SuiteRunner.java:437)
at org.testng.SuiteRunner.privateRun(SuiteRunner.java:397)
at org.testng.SuiteRunner.run(SuiteRunner.java:336)
at org.testng.SuiteRunnerWorker.runSuite(SuiteRunnerWorker.java:52)
at org.testng.SuiteRunnerWorker.run(SuiteRunnerWorker.java:95)
at org.testng.TestNG.runSuitesSequentially(TestNG.java:1280)
at org.testng.TestNG.runSuitesLocally(TestNG.java:1200)
at org.testng.TestNG.runSuites(TestNG.java:1114)
at org.testng.TestNG.run(TestNG.java:1082)
at org.testng.remote.AbstractRemoteTestNG.run(AbstractRemoteTestNG.java:115)
at org.testng.remote.RemoteTestNG.initAndRun(RemoteTestNG.java:251)
at org.testng.remote.RemoteTestNG.main(RemoteTestNG.java:77)
]]>
            </full-stacktrace>
          </exception> <!-- org.openqa.selenium.SessionNotCreatedException -->
          <reporter-output>
          </reporter-output>
        </test-method> <!-- m4 -->
      </class> <!-- miniproject -->
    </test> <!-- Default test -->
  </suite> <!-- Default suite -->
</testng-results>
